0 info it worked if it ends with ok
1 verbose cli [ '/home/yz/lib/node-v7.7.1-linux-x64/bin/node',
1 verbose cli   '/home/yz/lib/node-v7.7.1-linux-x64/lib/node_modules/cnpm/node_modules/.bin/npm',
1 verbose cli   '--userconfig=/home/yz/.cnpmrc',
1 verbose cli   '--disturl=https://npm.taobao.org/mirrors/node',
1 verbose cli   '--registry=https://registry.npm.taobao.org',
1 verbose cli   'run',
1 verbose cli   'lint' ]
2 info using npm@3.10.10
3 info using node@v7.7.1
4 verbose run-script [ 'prelint', 'lint', 'postlint' ]
5 info lifecycle HongtooJetLab@1.0.0~prelint: HongtooJetLab@1.0.0
6 silly lifecycle HongtooJetLab@1.0.0~prelint: no script for prelint, continuing
7 info lifecycle HongtooJetLab@1.0.0~lint: HongtooJetLab@1.0.0
8 verbose lifecycle HongtooJetLab@1.0.0~lint: unsafe-perm in lifecycle true
9 verbose lifecycle HongtooJetLab@1.0.0~lint: PATH: /home/yz/lib/node-v7.7.1-linux-x64/lib/node_modules/cnpm/node_modules/npm/bin/node-gyp-bin:/home/yz/source/HongtooJetLab/node_modules/.bin:/home/yz/bin:/home/yz/bin:/usr/local/sbin:/usr/local/bin:/usr/sbin:/usr/bin:/sbin:/bin:/usr/games:/usr/local/games:/snap/bin:/snap/bin:/home/yz/bin:/home/yz/lib/node-v7.7.1-linux-x64/bin:/home/yz/Android/Sdk/tools:/home/yz/Android/Sdk/platform-tools:/home/yz/lib/jdk1.8.0_121/bin:/home/yz/bin:/home/yz/lib/node-v7.7.1-linux-x64/bin:/home/yz/Android/Sdk/tools:/home/yz/Android/Sdk/platform-tools:/home/yz/lib/jdk1.8.0_121/bin
10 verbose lifecycle HongtooJetLab@1.0.0~lint: CWD: /home/yz/source/HongtooJetLab
11 silly lifecycle HongtooJetLab@1.0.0~lint: Args: [ '-c', 'eslint ./src --cache --ignore-pattern .eslintignore' ]
12 silly lifecycle HongtooJetLab@1.0.0~lint: Returned: code: 1  signal: null
13 info lifecycle HongtooJetLab@1.0.0~lint: Failed to exec lint script
14 verbose stack Error: HongtooJetLab@1.0.0 lint: `eslint ./src --cache --ignore-pattern .eslintignore`
14 verbose stack Exit status 1
14 verbose stack     at EventEmitter.<anonymous> (/home/yz/lib/node-v7.7.1-linux-x64/lib/node_modules/cnpm/node_modules/npm/lib/utils/lifecycle.js:255:16)
14 verbose stack     at emitTwo (events.js:106:13)
14 verbose stack     at EventEmitter.emit (events.js:194:7)
14 verbose stack     at ChildProcess.<anonymous> (/home/yz/lib/node-v7.7.1-linux-x64/lib/node_modules/cnpm/node_modules/npm/lib/utils/spawn.js:40:14)
14 verbose stack     at emitTwo (events.js:106:13)
14 verbose stack     at ChildProcess.emit (events.js:194:7)
14 verbose stack     at maybeClose (internal/child_process.js:899:16)
14 verbose stack     at Process.ChildProcess._handle.onexit (internal/child_process.js:226:5)
15 verbose pkgid HongtooJetLab@1.0.0
16 verbose cwd /home/yz/source/HongtooJetLab
17 error Linux 4.4.0-66-generic
18 error argv "/home/yz/lib/node-v7.7.1-linux-x64/bin/node" "/home/yz/lib/node-v7.7.1-linux-x64/lib/node_modules/cnpm/node_modules/.bin/npm" "--userconfig=/home/yz/.cnpmrc" "--disturl=https://npm.taobao.org/mirrors/node" "--registry=https://registry.npm.taobao.org" "run" "lint"
19 error node v7.7.1
20 error npm  v3.10.10
21 error code ELIFECYCLE
22 error HongtooJetLab@1.0.0 lint: `eslint ./src --cache --ignore-pattern .eslintignore`
22 error Exit status 1
23 error Failed at the HongtooJetLab@1.0.0 lint script 'eslint ./src --cache --ignore-pattern .eslintignore'.
23 error Make sure you have the latest version of node.js and npm installed.
23 error If you do, this is most likely a problem with the HongtooJetLab package,
23 error not with npm itself.
23 error Tell the author that this fails on your system:
23 error     eslint ./src --cache --ignore-pattern .eslintignore
23 error You can get information on how to open an issue for this project with:
23 error     npm bugs HongtooJetLab
23 error Or if that isn't available, you can get their info via:
23 error     npm owner ls HongtooJetLab
23 error There is likely additional logging output above.
24 verbose exit [ 1, true ]
